<?xml version="1.0" encoding="UTF-8"?>
<!-- Generated by org.testng.reporters.JUnitReportReporter -->
<testsuite skipped="0" hostname="DESKTOP-GDISGSQ" name="Practice_Package.SampleEmp_OffTestNg_03" tests="1" failures="0" timestamp="2023-01-11T12:54:42 IST" time="44.309" errors="0">
  <testcase name="createEmpOfficer" time="44.309" classname="Practice_Package.SampleEmp_OffTestNg_03"/>
  <system-out/>
</testsuite> <!-- Practice_Package.SampleEmp_OffTestNg_03 -->
