<?xml version="1.0" encoding="UTF-8"?>
<!-- Generated by org.testng.reporters.JUnitReportReporter -->
<testsuite skipped="0" hostname="DESKTOP-GDISGSQ" name="Practice_Package.SampleEmp_HeadTestNg_05" tests="1" failures="0" timestamp="2023-01-11T12:54:42 IST" time="60.125" errors="0">
  <testcase name="CreatEmpHead" time="60.125" classname="Practice_Package.SampleEmp_HeadTestNg_05"/>
  <system-out/>
</testsuite> <!-- Practice_Package.SampleEmp_HeadTestNg_05 -->
