<?xml version="1.0" encoding="UTF-8"?>
<!-- Generated by org.testng.reporters.JUnitReportReporter -->
<testsuite skipped="0" hostname="DESKTOP-GDISGSQ" name="Practice_Package.DemoOfAnnotation" tests="2" failures="0" timestamp="2023-01-09T15:10:19 IST" time="0.000" errors="0">
  <testcase name="configEmp" time="0.000" classname="Practice_Package.DemoOfAnnotation"/>
  <system-out/>
  <testcase name="ConfigTCrp" time="0.000" classname="Practice_Package.DemoOfAnnotation"/>
  <system-out/>
</testsuite> <!-- Practice_Package.DemoOfAnnotation -->
