<?xml version="1.0" encoding="UTF-8"?>
<!-- Generated by org.testng.reporters.JUnitReportReporter -->
<testsuite skipped="0" hostname="DESKTOP-GDISGSQ" name="Practice_Package.DataProviderTest" tests="2" failures="0" timestamp="2023-01-06T16:58:10 IST" time="0.000" errors="0">
  <testcase name="travel" time="0.000" classname="Practice_Package.DataProviderTest"/>
  <system-out/>
  <testcase name="travel" time="0.000" classname="Practice_Package.DataProviderTest"/>
  <system-out/>
</testsuite> <!-- Practice_Package.DataProviderTest -->
