<?xml version="1.0" encoding="UTF-8"?>
<!-- Generated by org.testng.reporters.JUnitReportReporter -->
<testsuite skipped="0" hostname="DESKTOP-GDISGSQ" name="Practice_TestNg.CreateEmpAssistant_TestNg" tests="1" failures="0" timestamp="2023-01-12T16:04:00 IST" time="68.649" errors="0">
  <testcase name="createEmp_Assistant" time="68.649" classname="Practice_TestNg.CreateEmpAssistant_TestNg"/>
  <system-out/>
</testsuite> <!-- Practice_TestNg.CreateEmpAssistant_TestNg -->
