<?xml version="1.0" encoding="UTF-8"?>
<!-- Generated by org.testng.reporters.JUnitReportReporter -->
<testsuite skipped="0" hostname="DESKTOP-GDISGSQ" name="Practice_Package.SampleTestNg_03" tests="1" failures="0" timestamp="2023-01-10T16:32:18 IST" time="56.758" errors="0">
  <testcase name="createEmpOfficer" time="56.758" classname="Practice_Package.SampleTestNg_03"/>
  <system-out/>
</testsuite> <!-- Practice_Package.SampleTestNg_03 -->
