<?xml version="1.0" encoding="UTF-8"?>
<!-- Generated by org.testng.reporters.JUnitReportReporter -->
<testsuite skipped="0" hostname="DESKTOP-GDISGSQ" name="Practice_TestNg.CreateCorpHeadTestng" tests="1" failures="0" timestamp="2023-01-12T11:18:40 IST" time="6.320" errors="0">
  <testcase name="createCorporate" time="6.320" classname="Practice_TestNg.CreateCorpHeadTestng"/>
  <system-out/>
</testsuite> <!-- Practice_TestNg.CreateCorpHeadTestng -->
