<?xml version="1.0" encoding="UTF-8"?>
<!-- Generated by org.testng.reporters.JUnitReportReporter -->
<testsuite skipped="0" hostname="DESKTOP-GDISGSQ" name="Practice_TestNg.CreateAddBranchHeadTeastng" tests="1" failures="0" timestamp="2023-01-12T12:57:16 IST" time="5.726" errors="0">
  <testcase name="createBranch" time="5.726" classname="Practice_TestNg.CreateAddBranchHeadTeastng"/>
  <system-out/>
</testsuite> <!-- Practice_TestNg.CreateAddBranchHeadTeastng -->
