<?xml version="1.0" encoding="UTF-8"?>
<!-- Generated by org.testng.reporters.JUnitReportReporter -->
<testsuite skipped="0" hostname="DESKTOP-GDISGSQ" name="Practice_Package.SampleTestNg_01" tests="1" failures="0" timestamp="2023-01-10T16:32:18 IST" time="4.678" errors="0">
  <testcase name="createBranch" time="4.678" classname="Practice_Package.SampleTestNg_01"/>
  <system-out/>
</testsuite> <!-- Practice_Package.SampleTestNg_01 -->
