<?xml version="1.0" encoding="UTF-8"?>
<!-- Generated by org.testng.reporters.JUnitReportReporter -->
<testsuite skipped="0" hostname="DESKTOP-GDISGSQ" name="Practice_Package.CreateAdminHeadTestng" tests="1" failures="0" timestamp="2023-01-09T17:14:42 IST" time="8.412" errors="0">
  <testcase name="createAdmin" time="8.412" classname="Practice_Package.CreateAdminHeadTestng"/>
  <system-out/>
</testsuite> <!-- Practice_Package.CreateAdminHeadTestng -->
