<?xml version="1.0" encoding="UTF-8"?>
<!-- Generated by org.testng.reporters.JUnitReportReporter -->
<testsuite skipped="0" hostname="DESKTOP-GDISGSQ" name="Practice_Package.SampleAdminTestNg_02" tests="1" failures="0" timestamp="2023-01-11T12:40:38 IST" time="11.728" errors="0">
  <testcase name="createAdmin" time="11.728" classname="Practice_Package.SampleAdminTestNg_02"/>
  <system-out/>
</testsuite> <!-- Practice_Package.SampleAdminTestNg_02 -->
