<?xml version="1.0" encoding="UTF-8"?>
<!-- Generated by org.testng.reporters.JUnitReportReporter -->
<testsuite skipped="0" hostname="DESKTOP-GDISGSQ" name="Practice_Package.SampleTestNg_04" tests="1" failures="0" timestamp="2023-01-10T16:32:18 IST" time="68.163" errors="0">
  <testcase name="createEmpAssistant" time="68.163" classname="Practice_Package.SampleTestNg_04"/>
  <system-out/>
</testsuite> <!-- Practice_Package.SampleTestNg_04 -->
