<?xml version="1.0" encoding="UTF-8"?>
<!-- Generated by org.testng.reporters.JUnitReportReporter -->
<testsuite skipped="0" hostname="DESKTOP-GDISGSQ" name="Practice_Package.DataFetchExcelDataProvider" tests="4" failures="0" timestamp="2023-01-09T12:17:02 IST" time="0.016" errors="0">
  <testcase name="travel" time="0.016" classname="Practice_Package.DataFetchExcelDataProvider"/>
  <system-out/>
  <testcase name="travel" time="0.000" classname="Practice_Package.DataFetchExcelDataProvider"/>
  <system-out/>
  <testcase name="travel" time="0.000" classname="Practice_Package.DataFetchExcelDataProvider"/>
  <system-out/>
  <testcase name="travel" time="0.000" classname="Practice_Package.DataFetchExcelDataProvider"/>
  <system-out/>
</testsuite> <!-- Practice_Package.DataFetchExcelDataProvider -->
