<?xml version="1.0" encoding="UTF-8"?>
<!-- Generated by org.testng.reporters.JUnitReportReporter -->
<testsuite skipped="0" hostname="DESKTOP-GDISGSQ" name="Practice_Package.testng" tests="4" failures="0" timestamp="2023-01-06T13:10:54 IST" time="0.000" errors="0">
  <testcase name="update" time="0.000" classname="Practice_Package.testng"/>
  <system-out/>
  <testcase name="create" time="0.000" classname="Practice_Package.testng"/>
  <system-out/>
  <testcase name="update" time="0.000" classname="Practice_Package.testng"/>
  <system-out/>
  <testcase name="delete" time="0.000" classname="Practice_Package.testng"/>
  <system-out/>
</testsuite> <!-- Practice_Package.testng -->
