<?xml version="1.0" encoding="UTF-8"?>
<!-- Generated by org.testng.reporters.JUnitReportReporter -->
<testsuite skipped="0" hostname="DESKTOP-GDISGSQ" name="Practice_Package.SampleBranchTestNg_01" tests="1" failures="0" timestamp="2023-01-11T12:40:38 IST" time="8.520" errors="0">
  <testcase name="createBranch" time="8.520" classname="Practice_Package.SampleBranchTestNg_01"/>
  <system-out/>
</testsuite> <!-- Practice_Package.SampleBranchTestNg_01 -->
